This is XeTeX, Version 3.14159265-2.6-0.999992 (TeX Live 2020/W32TeX) (preloaded format=xelatex 2020.6.20)  8 MAR 2024 15:57
entering extended mode
 restricted \write18 enabled.
 %&-line parsing enabled.
**Draft2023_Tufte.tex
(./Draft2023_Tufte.tex
LaTeX2e <2020-02-02> patch level 5
L3 programming layer <2020-03-06> (c:/TeX/texmf-dist/tex/latex/base/article.cls
Document Class: article 2019/12/20 v1.4l Standard LaTeX document class
(c:/TeX/texmf-dist/tex/latex/base/size10.clo
File: size10.clo 2019/12/20 v1.4l Standard LaTeX file (size option)
)
\c@part=\count163
\c@section=\count164
\c@subsection=\count165
\c@subsubsection=\count166
\c@paragraph=\count167
\c@subparagraph=\count168
\c@figure=\count169
\c@table=\count170
\abovecaptionskip=\skip47
\belowcaptionskip=\skip48
\bibindent=\dimen134
) (c:/TeX/texmf-dist/tex/latex/amsmath/amsmath.sty
Package: amsmath 2020/01/20 v2.17e AMS math features
\@mathmargin=\skip49
For additional information on amsmath, use the `?' option.
(c:/TeX/texmf-dist/tex/latex/amsmath/amstext.sty
Package: amstext 2000/06/29 v2.01 AMS text
(c:/TeX/texmf-dist/tex/latex/amsmath/amsgen.sty
File: amsgen.sty 1999/11/30 v2.0 generic functions
\@emptytoks=\toks15
\ex@=\dimen135
)) (c:/TeX/texmf-dist/tex/latex/amsmath/amsbsy.sty
Package: amsbsy 1999/11/29 v1.2d Bold Symbols
\pmbraise@=\dimen136
) (c:/TeX/texmf-dist/tex/latex/amsmath/amsopn.sty
Package: amsopn 2016/03/08 v2.02 operator names
)
\inf@bad=\count171
LaTeX Info: Redefining \frac on input line 227.
\uproot@=\count172
\leftroot@=\count173
LaTeX Info: Redefining \overline on input line 389.
\classnum@=\count174
\DOTSCASE@=\count175
LaTeX Info: Redefining \ldots on input line 486.
LaTeX Info: Redefining \dots on input line 489.
LaTeX Info: Redefining \cdots on input line 610.
\Mathstrutbox@=\box45
\strutbox@=\box46
\big@size=\dimen137
LaTeX Font Info:    Redeclaring font encoding OML on input line 733.
LaTeX Font Info:    Redeclaring font encoding OMS on input line 734.
\macc@depth=\count176
\c@MaxMatrixCols=\count177
\dotsspace@=\muskip16
\c@parentequation=\count178
\dspbrk@lvl=\count179
\tag@help=\toks16
\row@=\count180
\column@=\count181
\maxfields@=\count182
\andhelp@=\toks17
\eqnshift@=\dimen138
\alignsep@=\dimen139
\tagshift@=\dimen140
\tagwidth@=\dimen141
\totwidth@=\dimen142
\lineht@=\dimen143
\@envbody=\toks18
\multlinegap=\skip50
\multlinetaggap=\skip51
\mathdisplay@stack=\toks19
LaTeX Info: Redefining \[ on input line 2859.
LaTeX Info: Redefining \] on input line 2860.
) (c:/TeX/texmf-dist/tex/latex/amsfonts/amssymb.sty
Package: amssymb 2013/01/14 v3.01 AMS font symbols
(c:/TeX/texmf-dist/tex/latex/amsfonts/amsfonts.sty
Package: amsfonts 2013/01/14 v3.01 Basic AMSFonts support
\symAMSa=\mathgroup4
\symAMSb=\mathgroup5
LaTeX Font Info:    Redeclaring math symbol \hbar on input line 98.
LaTeX Font Info:    Overwriting math alphabet `\mathfrak' in version `bold'
(Font)                  U/euf/m/n --> U/euf/b/n on input line 106.
)) (c:/TeX/texmf-dist/tex/latex/lm/lmodern.sty
Package: lmodern 2009/10/30 v1.6 Latin Modern Fonts
LaTeX Font Info:    Overwriting symbol font `operators' in version `normal'
(Font)                  OT1/cmr/m/n --> OT1/lmr/m/n on input line 22.
LaTeX Font Info:    Overwriting symbol font `letters' in version `normal'
(Font)                  OML/cmm/m/it --> OML/lmm/m/it on input line 23.
LaTeX Font Info:    Overwriting symbol font `symbols' in version `normal'
(Font)                  OMS/cmsy/m/n --> OMS/lmsy/m/n on input line 24.
LaTeX Font Info:    Overwriting symbol font `largesymbols' in version `normal'
(Font)                  OMX/cmex/m/n --> OMX/lmex/m/n on input line 25.
LaTeX Font Info:    Overwriting symbol font `operators' in version `bold'
(Font)                  OT1/cmr/bx/n --> OT1/lmr/bx/n on input line 26.
LaTeX Font Info:    Overwriting symbol font `letters' in version `bold'
(Font)                  OML/cmm/b/it --> OML/lmm/b/it on input line 27.
LaTeX Font Info:    Overwriting symbol font `symbols' in version `bold'
(Font)                  OMS/cmsy/b/n --> OMS/lmsy/b/n on input line 28.
LaTeX Font Info:    Overwriting symbol font `largesymbols' in version `bold'
(Font)                  OMX/cmex/m/n --> OMX/lmex/m/n on input line 29.
LaTeX Font Info:    Overwriting math alphabet `\mathbf' in version `normal'
(Font)                  OT1/cmr/bx/n --> OT1/lmr/bx/n on input line 31.
LaTeX Font Info:    Overwriting math alphabet `\mathsf' in version `normal'
(Font)                  OT1/cmss/m/n --> OT1/lmss/m/n on input line 32.
LaTeX Font Info:    Overwriting math alphabet `\mathit' in version `normal'
(Font)                  OT1/cmr/m/it --> OT1/lmr/m/it on input line 33.
LaTeX Font Info:    Overwriting math alphabet `\mathtt' in version `normal'
(Font)                  OT1/cmtt/m/n --> OT1/lmtt/m/n on input line 34.
LaTeX Font Info:    Overwriting math alphabet `\mathbf' in version `bold'
(Font)                  OT1/cmr/bx/n --> OT1/lmr/bx/n on input line 35.
LaTeX Font Info:    Overwriting math alphabet `\mathsf' in version `bold'
(Font)                  OT1/cmss/bx/n --> OT1/lmss/bx/n on input line 36.
LaTeX Font Info:    Overwriting math alphabet `\mathit' in version `bold'
(Font)                  OT1/cmr/bx/it --> OT1/lmr/bx/it on input line 37.
LaTeX Font Info:    Overwriting math alphabet `\mathtt' in version `bold'
(Font)                  OT1/cmtt/m/n --> OT1/lmtt/m/n on input line 38.
) (c:/TeX/texmf-dist/tex/generic/iftex/iftex.sty
Package: iftex 2020/03/06 v1.0d TeX engine tests
) (c:/TeX/texmf-dist/tex/latex/unicode-math/unicode-math.sty (c:/TeX/texmf-dist
/tex/latex/l3kernel/expl3.sty
Package: expl3 2020-03-06 L3 programming layer (loader) 
(c:/TeX/texmf-dist/tex/latex/l3backend/l3backend-xdvipdfmx.def
File: l3backend-xdvipdfmx.def 2020-03-12 L3 backend support: xdvipdfmx
\g__graphics_track_int=\count183
\l__pdf_internal_box=\box47
\g__pdf_backend_object_int=\count184
\g__pdf_backend_annotation_int=\count185
))
Package: unicode-math 2020/01/31 v0.8q Unicode maths in XeLaTeX and LuaLaTeX
(c:/TeX/texmf-dist/tex/latex/unicode-math/unicode-math-xetex.sty
Package: unicode-math-xetex 2020/01/31 v0.8q Unicode maths in XeLaTeX and LuaLa
TeX
(c:/TeX/texmf-dist/tex/latex/l3packages/xparse/xparse.sty
Package: xparse 2020-03-06 L3 Experimental document command parser
\l__xparse_current_arg_int=\count186
\g__xparse_grabber_int=\count187
\l__xparse_m_args_int=\count188
\l__xparse_v_nesting_int=\count189
) (c:/TeX/texmf-dist/tex/latex/l3packages/l3keys2e/l3keys2e.sty
Package: l3keys2e 2020-03-06 LaTeX2e option processing using LaTeX3 keys
) (c:/TeX/texmf-dist/tex/latex/fontspec/fontspec.sty
Package: fontspec 2020/02/21 v2.7i Font selection for XeLaTeX and LuaLaTeX
(c:/TeX/texmf-dist/tex/latex/fontspec/fontspec-xetex.sty
Package: fontspec-xetex 2020/02/21 v2.7i Font selection for XeLaTeX and LuaLaTe
X
\l__fontspec_script_int=\count190
\l__fontspec_language_int=\count191
\l__fontspec_strnum_int=\count192
\l__fontspec_tmp_int=\count193
\l__fontspec_tmpa_int=\count194
\l__fontspec_tmpb_int=\count195
\l__fontspec_tmpc_int=\count196
\l__fontspec_em_int=\count197
\l__fontspec_emdef_int=\count198
\l__fontspec_strong_int=\count199
\l__fontspec_strongdef_int=\count266
\l__fontspec_tmpa_dim=\dimen144
\l__fontspec_tmpb_dim=\dimen145
\l__fontspec_tmpc_dim=\dimen146
(c:/TeX/texmf-dist/tex/latex/base/fontenc.sty
Package: fontenc 2020/02/11 v2.0o Standard LaTeX package
) (c:/TeX/texmf-dist/tex/latex/fontspec/fontspec.cfg))) (c:/TeX/texmf-dist/tex/
latex/base/fix-cm.sty
Package: fix-cm 2015/01/14 v1.1t fixes to LaTeX
(c:/TeX/texmf-dist/tex/latex/base/ts1enc.def
File: ts1enc.def 2001/06/05 v3.0e (jk/car/fm) Standard LaTeX file
LaTeX Font Info:    Redeclaring font encoding TS1 on input line 47.
))
\g__um_fam_int=\count267
\g__um_fonts_used_int=\count268
\l__um_primecount_int=\count269
\g__um_primekern_muskip=\muskip17
(c:/TeX/texmf-dist/tex/latex/unicode-math/unicode-math-table.tex))) (c:/TeX/tex
mf-dist/tex/latex/upquote/upquote.sty
Package: upquote 2012/04/19 v1.3 upright-quote and grave-accent glyphs in verba
tim
(c:/TeX/texmf-dist/tex/latex/base/textcomp.sty
Package: textcomp 2020/02/02 v2.0n Standard LaTeX package
)) (c:/TeX/texmf-dist/tex/latex/microtype/microtype.sty
Package: microtype 2019/11/18 v2.7d Micro-typographical refinements (RS)
(c:/TeX/texmf-dist/tex/latex/graphics/keyval.sty
Package: keyval 2014/10/28 v1.15 key=value parser (DPC)
\KV@toks@=\toks20
)
\MT@toks=\toks21
\MT@count=\count270
LaTeX Info: Redefining \textls on input line 790.
\MT@outer@kern=\dimen147
LaTeX Info: Redefining \textmicrotypecontext on input line 1354.
\MT@listname@count=\count271
(c:/TeX/texmf-dist/tex/latex/microtype/microtype-xetex.def
File: microtype-xetex.def 2019/11/18 v2.7d Definitions specific to xetex (RS)
LaTeX Info: Redefining \lsstyle on input line 258.
)
Package microtype Info: Loading configuration file microtype.cfg.
(c:/TeX/texmf-dist/tex/latex/microtype/microtype.cfg
File: microtype.cfg 2019/11/18 v2.7d microtype main configuration file (RS)
)) (c:/TeX/texmf-dist/tex/latex/parskip/parskip.sty
Package: parskip 2020-01-22 v2.0d non-zero parskip adjustments
(c:/TeX/texmf-dist/tex/latex/kvoptions/kvoptions.sty
Package: kvoptions 2019/11/29 v3.13 Key value format for package options (HO)
(c:/TeX/texmf-dist/tex/generic/ltxcmds/ltxcmds.sty
Package: ltxcmds 2019/12/15 v1.24 LaTeX kernel commands for general use (HO)
) (c:/TeX/texmf-dist/tex/generic/kvsetkeys/kvsetkeys.sty
Package: kvsetkeys 2019/12/15 v1.18 Key value parser (HO)
)) (c:/TeX/texmf-dist/tex/latex/etoolbox/etoolbox.sty
Package: etoolbox 2019/09/21 v2.5h e-TeX tools for LaTeX (JAW)
\etb@tempcnta=\count272
)) (c:/TeX/texmf-dist/tex/latex/xcolor/xcolor.sty
Package: xcolor 2016/05/11 v2.12 LaTeX color extensions (UK)
(c:/TeX/texmf-dist/tex/latex/graphics-cfg/color.cfg
File: color.cfg 2016/01/02 v1.6 sample color configuration
)
Package xcolor Info: Driver file: xetex.def on input line 225.
(c:/TeX/texmf-dist/tex/latex/graphics-def/xetex.def
File: xetex.def 2017/06/24 v5.0h Graphics/color driver for xetex
)
Package xcolor Info: Model `cmy' substituted by `cmy0' on input line 1348.
Package xcolor Info: Model `RGB' extended on input line 1364.
Package xcolor Info: Model `HTML' substituted by `rgb' on input line 1366.
Package xcolor Info: Model `Hsb' substituted by `hsb' on input line 1367.
Package xcolor Info: Model `tHsb' substituted by `hsb' on input line 1368.
Package xcolor Info: Model `HSB' substituted by `hsb' on input line 1369.
Package xcolor Info: Model `Gray' substituted by `gray' on input line 1370.
Package xcolor Info: Model `wave' substituted by `hsb' on input line 1371.
) (c:/TeX/texmf-dist/tex/latex/xurl/xurl.sty
Package: xurl 2020/01/24 v 0.09 modify URL breaks
(c:/TeX/texmf-dist/tex/latex/url/url.sty
\Urlmuskip=\muskip18
Package: url 2013/09/16  ver 3.4  Verb mode for urls, etc.
)) (c:/TeX/texmf-dist/tex/latex/bookmark/bookmark.sty
Package: bookmark 2019/12/03 v1.28 PDF bookmarks (HO)
(c:/TeX/texmf-dist/tex/latex/hyperref/hyperref.sty
Package: hyperref 2020/01/14 v7.00d Hypertext links for LaTeX
(c:/TeX/texmf-dist/tex/latex/pdftexcmds/pdftexcmds.sty
Package: pdftexcmds 2019/11/24 v0.31 Utility functions of pdfTeX for LuaTeX (HO
)
(c:/TeX/texmf-dist/tex/generic/infwarerr/infwarerr.sty
Package: infwarerr 2019/12/03 v1.5 Providing info/warning/error messages (HO)
)
Package pdftexcmds Info: \pdf@primitive is available.
Package pdftexcmds Info: \pdf@ifprimitive is available.
Package pdftexcmds Info: \pdfdraftmode not found.
) (c:/TeX/texmf-dist/tex/generic/kvdefinekeys/kvdefinekeys.sty
Package: kvdefinekeys 2019-12-19 v1.6 Define keys (HO)
) (c:/TeX/texmf-dist/tex/generic/pdfescape/pdfescape.sty
Package: pdfescape 2019/12/09 v1.15 Implements pdfTeX's escape features (HO)
) (c:/TeX/texmf-dist/tex/latex/hycolor/hycolor.sty
Package: hycolor 2020-01-27 v1.10 Color options for hyperref/bookmark (HO)
) (c:/TeX/texmf-dist/tex/latex/letltxmacro/letltxmacro.sty
Package: letltxmacro 2019/12/03 v1.6 Let assignment for LaTeX macros (HO)
) (c:/TeX/texmf-dist/tex/latex/auxhook/auxhook.sty
Package: auxhook 2019-12-17 v1.6 Hooks for auxiliary files (HO)
)
\@linkdim=\dimen148
\Hy@linkcounter=\count273
\Hy@pagecounter=\count274
(c:/TeX/texmf-dist/tex/latex/hyperref/pd1enc.def
File: pd1enc.def 2020/01/14 v7.00d Hyperref: PDFDocEncoding definition (HO)
) (c:/TeX/texmf-dist/tex/generic/intcalc/intcalc.sty
Package: intcalc 2019/12/15 v1.3 Expandable calculations with integers (HO)
) (c:/TeX/texmf-dist/tex/generic/etexcmds/etexcmds.sty
Package: etexcmds 2019/12/15 v1.7 Avoid name clashes with e-TeX commands (HO)
)
\Hy@SavedSpaceFactor=\count275
Package hyperref Info: Option `unicode' set `true' on input line 4421.
(c:/TeX/texmf-dist/tex/latex/hyperref/puenc.def
File: puenc.def 2020/01/14 v7.00d Hyperref: PDF Unicode definition (HO)
)
Package hyperref Info: Hyper figures OFF on input line 4547.
Package hyperref Info: Link nesting OFF on input line 4552.
Package hyperref Info: Hyper index ON on input line 4555.
Package hyperref Info: Plain pages OFF on input line 4562.
Package hyperref Info: Backreferencing OFF on input line 4567.
Package hyperref Info: Implicit mode ON; LaTeX internals redefined.
Package hyperref Info: Bookmarks ON on input line 4800.
\c@Hy@tempcnt=\count276
LaTeX Info: Redefining \url on input line 5159.
\XeTeXLinkMargin=\dimen149
(c:/TeX/texmf-dist/tex/generic/bitset/bitset.sty
Package: bitset 2019/12/09 v1.3 Handle bit-vector datatype (HO)
(c:/TeX/texmf-dist/tex/generic/bigintcalc/bigintcalc.sty
Package: bigintcalc 2019/12/15 v1.5 Expandable calculations on big integers (HO
)
))
\Fld@menulength=\count277
\Field@Width=\dimen150
\Fld@charsize=\dimen151
Package hyperref Info: Hyper figures OFF on input line 6430.
Package hyperref Info: Link nesting OFF on input line 6435.
Package hyperref Info: Hyper index ON on input line 6438.
Package hyperref Info: backreferencing OFF on input line 6445.
Package hyperref Info: Link coloring OFF on input line 6450.
Package hyperref Info: Link coloring with OCG OFF on input line 6455.
Package hyperref Info: PDF/A mode OFF on input line 6460.
LaTeX Info: Redefining \ref on input line 6500.
LaTeX Info: Redefining \pageref on input line 6504.
(c:/TeX/texmf-dist/tex/generic/atbegshi/atbegshi.sty
Package: atbegshi 2019/12/05 v1.19 At begin shipout hook (HO)
)
\Hy@abspage=\count278
\c@Item=\count279
\c@Hfootnote=\count280
)
Package hyperref Info: Driver (autodetected): hxetex.
(c:/TeX/texmf-dist/tex/latex/hyperref/hxetex.def
File: hxetex.def 2020/01/14 v7.00d Hyperref driver for XeTeX
(c:/TeX/texmf-dist/tex/generic/stringenc/stringenc.sty
Package: stringenc 2019/11/29 v1.12 Convert strings between diff. encodings (HO
)
)
\pdfm@box=\box48
\c@Hy@AnnotLevel=\count281
\HyField@AnnotCount=\count282
\Fld@listcount=\count283
\c@bookmark@seq@number=\count284
(c:/TeX/texmf-dist/tex/latex/rerunfilecheck/rerunfilecheck.sty
Package: rerunfilecheck 2019/12/05 v1.9 Rerun checks for auxiliary files (HO)
(c:/TeX/texmf-dist/tex/latex/atveryend/atveryend.sty
Package: atveryend 2019-12-11 v1.11 Hooks at the very end of document (HO)
) (c:/TeX/texmf-dist/tex/generic/uniquecounter/uniquecounter.sty
Package: uniquecounter 2019/12/15 v1.4 Provide unlimited unique counter (HO)
)
Package uniquecounter Info: New unique counter `rerunfilecheck' on input line 2
86.
)
\Hy@SectionHShift=\skip52
) (c:/TeX/texmf-dist/tex/latex/bookmark/bkm-dvipdfm.def
File: bkm-dvipdfm.def 2019/12/03 v1.28 bookmark driver for dvipdfm (HO)
\BKM@id=\count285
)) (c:/TeX/texmf-dist/tex/latex/geometry/geometry.sty
Package: geometry 2020/01/02 v5.9 Page Geometry
(c:/TeX/texmf-dist/tex/generic/iftex/ifvtex.sty
Package: ifvtex 2019/10/25 v1.7 ifvtex legacy package. Use iftex instead.
)
\Gm@cnth=\count286
\Gm@cntv=\count287
\c@Gm@tempcnt=\count288
\Gm@bindingoffset=\dimen152
\Gm@wd@mp=\dimen153
\Gm@odd@mp=\dimen154
\Gm@even@mp=\dimen155
\Gm@layoutwidth=\dimen156
\Gm@layoutheight=\dimen157
\Gm@layouthoffset=\dimen158
\Gm@layoutvoffset=\dimen159
\Gm@dimlist=\toks22
) (c:/TeX/texmf-dist/tex/latex/fancyvrb/fancyvrb.sty
Package: fancyvrb 2020/01/13 v3.5 verbatim text (tvz,hv)
\FV@CodeLineNo=\count289
\FV@InFile=\read2
\FV@TabBox=\box49
\c@FancyVerbLine=\count290
\FV@StepNumber=\count291
\FV@OutFile=\write3
) (c:/TeX/texmf-dist/tex/latex/framed/framed.sty
Package: framed 2011/10/22 v 0.96: framed or shaded text with page breaks
\OuterFrameSep=\skip53
\fb@frw=\dimen160
\fb@frh=\dimen161
\FrameRule=\dimen162
\FrameSep=\dimen163
) (c:/TeX/texmf-dist/tex/latex/graphics/graphicx.sty
Package: graphicx 2019/11/30 v1.2a Enhanced LaTeX Graphics (DPC,SPQR)
(c:/TeX/texmf-dist/tex/latex/graphics/graphics.sty
Package: graphics 2019/11/30 v1.4a Standard LaTeX Graphics (DPC,SPQR)
(c:/TeX/texmf-dist/tex/latex/graphics/trig.sty
Package: trig 2016/01/03 v1.10 sin cos tan (DPC)
) (c:/TeX/texmf-dist/tex/latex/graphics-cfg/graphics.cfg
File: graphics.cfg 2016/06/04 v1.11 sample graphics configuration
)
Package graphics Info: Driver file: xetex.def on input line 105.
)
\Gin@req@height=\dimen164
\Gin@req@width=\dimen165
)
\cslhangindent=\skip54
\csllabelwidth=\skip55
\cslentryspacingunit=\skip56
(c:/TeX/texmf-dist/tex/latex/tools/calc.sty
Package: calc 2017/05/25 v4.3 Infix arithmetic (KKT,FJ)
\calc@Acount=\count292
\calc@Bcount=\count293
\calc@Adimen=\dimen166
\calc@Bdimen=\dimen167
\calc@Askip=\skip57
\calc@Bskip=\skip58
LaTeX Info: Redefining \setlength on input line 80.
LaTeX Info: Redefining \addtolength on input line 81.
\calc@Ccount=\count294
\calc@Cskip=\skip59
) (c:/TeX/texmf-dist/tex/latex/tools/tabularx.sty
Package: tabularx 2020/01/15 v2.11c `tabularx' package (DPC)
(c:/TeX/texmf-dist/tex/latex/tools/array.sty
Package: array 2019/08/31 v2.4l Tabular extension package (FMi)
\col@sep=\dimen168
\ar@mcellbox=\box50
\extrarowheight=\dimen169
\NC@list=\toks23
\extratabsurround=\skip60
\backup@length=\skip61
\ar@cellbox=\box51
)
\TX@col@width=\dimen170
\TX@old@table=\dimen171
\TX@old@col=\dimen172
\TX@target=\dimen173
\TX@delta=\dimen174
\TX@cols=\count295
\TX@ftn=\toks24
) (c:/TeX/texmf-dist/tex/latex/booktabs/booktabs.sty
Package: booktabs 2020/01/12 v1.61803398 Publication quality tables
\heavyrulewidth=\dimen175
\lightrulewidth=\dimen176
\cmidrulewidth=\dimen177
\belowrulesep=\dimen178
\belowbottomsep=\dimen179
\aboverulesep=\dimen180
\abovetopsep=\dimen181
\cmidrulesep=\dimen182
\cmidrulekern=\dimen183
\defaultaddspace=\dimen184
\@cmidla=\count296
\@cmidlb=\count297
\@aboverulesep=\dimen185
\@belowrulesep=\dimen186
\@thisruleclass=\count298
\@lastruleclass=\count299
\@thisrulewidth=\dimen187
) (c:/TeX/texmf-dist/tex/latex/colortbl/colortbl.sty
Package: colortbl 2020/01/04 v1.0e Color table columns (DPC)
\everycr=\toks25
\minrowclearance=\skip62
) (c:/TeX/texmf-dist/tex/latex/tools/longtable.sty
Package: longtable 2020/01/07 v4.13 Multi-page Table package (DPC)
\LTleft=\skip63
\LTright=\skip64
\LTpre=\skip65
\LTpost=\skip66
\LTchunksize=\count300
\LTcapwidth=\dimen188
\LT@head=\box52
\LT@firsthead=\box53
\LT@foot=\box54
\LT@lastfoot=\box55
\LT@cols=\count301
\LT@rows=\count302
\c@LT@tables=\count303
\c@LT@chunks=\count304
\LT@p@ftn=\toks26
) (c:/TeX/texmf-dist/tex/latex/natbib/natbib.sty
Package: natbib 2010/09/13 8.31b (PWD, AO)
\bibhang=\skip67
\bibsep=\skip68
LaTeX Info: Redefining \cite on input line 694.
\c@NAT@ctr=\count305
) (c:/TeX/texmf-dist/tex/xelatex/xltxtra/xltxtra.sty
Package: xltxtra 2018/12/31 v0.7 Improvements for the "XeLaTeX" format
(c:/TeX/texmf-dist/tex/generic/iftex/ifluatex.sty
Package: ifluatex 2019/10/25 v1.5 ifluatex legacy package. Use iftex instead.
) (c:/TeX/texmf-dist/tex/generic/iftex/ifxetex.sty
Package: ifxetex 2019/10/25 v0.7 ifxetex legacy package. Use iftex instead.
) (c:/TeX/texmf-dist/tex/latex/realscripts/realscripts.sty
Package: realscripts 2016/02/13 v0.3d Access OpenType subscripts and superscrip
ts
\subsupersep=\dimen189
) (c:/TeX/texmf-dist/tex/latex/metalogo/metalogo.sty
Package: metalogo 2010/05/29 v0.12 Extended TeX logo macros
\xl@everylogo=\toks27
\xl@@everylogo=\toks28
LaTeX Info: Redefining \TeX on input line 193.
LaTeX Info: Redefining \LaTeX on input line 202.
LaTeX Info: Redefining \LaTeXe on input line 219.
)
\l__xetex_show_hyphens_wrapping_box=\box56
\l__xetex_show_hyphens_temp_box=\box57
\l__xetex_show_hyphens_final_box=\box58
\g__xetex_show_hyphens_word_box=\box59
) (c:/TeX/texmf-dist/tex/latex/zxjatype/zxjatype.sty
Package: zxjatype 2020/01/22 v0.7 ZX Japanese typeset
(c:/TeX/texmf-dist/tex/xelatex/xecjk/xeCJK.sty
Package: xeCJK 2020/02/18 v3.8.2 Typesetting CJK scripts with XeLaTeX
(c:/TeX/texmf-dist/tex/latex/l3packages/xtemplate/xtemplate.sty
Package: xtemplate 2020-03-06 L3 Experimental prototype document functions
\l__xtemplate_tmp_dim=\dimen190
\l__xtemplate_tmp_int=\count306
\l__xtemplate_tmp_muskip=\muskip19
\l__xtemplate_tmp_skip=\skip69
)
\l__xeCJK_tmp_int=\count307
\l__xeCJK_tmp_box=\box60
\l__xeCJK_tmp_dim=\dimen191
\l__xeCJK_tmp_skip=\skip70
\g__xeCJK_space_factor_int=\count308
\l__xeCJK_begin_int=\count309
\l__xeCJK_end_int=\count310
\c__xeCJK_CJK_class_int=\XeTeXcharclass1
\c__xeCJK_FullLeft_class_int=\XeTeXcharclass2
\c__xeCJK_FullRight_class_int=\XeTeXcharclass3
\c__xeCJK_HalfLeft_class_int=\XeTeXcharclass4
\c__xeCJK_HalfRight_class_int=\XeTeXcharclass5
\c__xeCJK_NormalSpace_class_int=\XeTeXcharclass6
\c__xeCJK_CM_class_int=\XeTeXcharclass7
\c__xeCJK_HangulJamo_class_int=\XeTeXcharclass8
\l__xeCJK_last_skip=\skip71
\g__xeCJK_node_int=\count311
\c__xeCJK_CJK_node_dim=\dimen192
\c__xeCJK_CJK-space_node_dim=\dimen193
\c__xeCJK_default_node_dim=\dimen194
\c__xeCJK_default-space_node_dim=\dimen195
\c__xeCJK_CJK-widow_node_dim=\dimen196
\c__xeCJK_normalspace_node_dim=\dimen197
\l__xeCJK_ccglue_skip=\skip72
\l__xeCJK_ecglue_skip=\skip73
\l__xeCJK_punct_kern_skip=\skip74
\l__xeCJK_last_penalty_int=\count312
\l__xeCJK_last_bound_dim=\dimen198
\l__xeCJK_last_kern_dim=\dimen199
\l__xeCJK_widow_penalty_int=\count313

Package xtemplate Info: Declaring object type 'xeCJK/punctuation' taking 0
(xtemplate)             argument(s) on line 2302.

\l__xeCJK_fixed_punct_width_dim=\dimen256
\l__xeCJK_mixed_punct_width_dim=\dimen257
\l__xeCJK_middle_punct_width_dim=\dimen258
\l__xeCJK_fixed_margin_width_dim=\dimen259
\l__xeCJK_mixed_margin_width_dim=\dimen260
\l__xeCJK_middle_margin_width_dim=\dimen261
\l__xeCJK_bound_punct_width_dim=\dimen262
\l__xeCJK_bound_margin_width_dim=\dimen263
\l__xeCJK_margin_minimum_dim=\dimen264
\l__xeCJK_kerning_total_width_dim=\dimen265
\l__xeCJK_same_align_margin_dim=\dimen266
\l__xeCJK_different_align_margin_dim=\dimen267
\l__xeCJK_kerning_margin_width_dim=\dimen268
\l__xeCJK_kerning_margin_minimum_dim=\dimen269
\l__xeCJK_bound_dim=\dimen270
\l__xeCJK_reverse_bound_dim=\dimen271
\l__xeCJK_margin_dim=\dimen272
\l__xeCJK_minimum_bound_dim=\dimen273
\l__xeCJK_kerning_margin_dim=\dimen274
\g__xeCJK_family_int=\count314
\l__xeCJK_fam_int=\count315
\g__xeCJK_fam_allocation_int=\count316
\l__xeCJK_verb_case_int=\count317
\l__xeCJK_verb_exspace_skip=\skip75
(c:/TeX/texmf-dist/tex/xelatex/xecjk/xeCJK.cfg
File: xeCJK.cfg 2020/02/18 v3.8.2 Configuration file for xeCJK package
))
\l__zxjt_tmpa_dim=\dimen275
\g__zxjt_tmpa_box=\box61
\l__zxjt_leftglue_skip=\skip76
) (c:/TeX/texmf-dist/tex/latex/zxjafont/zxjafont.sty
Package: zxjafont 2020/02/24 v1.2

Package fontspec Info: IPAMincho scale = 0.8226327393035319.


Package fontspec Info: Could not resolve font "IPAGothic/I" (it probably
(fontspec)             doesn't exist).


Package fontspec Info: Could not resolve font "IPAMincho/BI" (it probably
(fontspec)             doesn't exist).


Package fontspec Info: Could not resolve font "IPAMincho/I" (it probably
(fontspec)             doesn't exist).


Package fontspec Info: IPAGothic scale = 0.819577473370841.


Package fontspec Info: IPAMincho scale = 0.8226327393035319.


Package fontspec Info: IPAGothic scale = 0.819577473370841.


Package fontspec Info: Font family 'IPAMincho(0)' created for font 'IPAMincho'
(fontspec)             with options
(fontspec)             [Scale=MatchLowercase,Script={CJK},Scale={},FontFace={{b
x}{n}{IPAGothic}},BoldFont={IPAGothic}].
(fontspec)              
(fontspec)              This font family consists of the following NFSS
(fontspec)             series/shapes:
(fontspec)              
(fontspec)             - (bx/n) with NFSS spec.:
(fontspec)             <->"IPAGothic/OT:script=hani;language=dflt;"
(fontspec)             -  (bx/sc) with NFSS spec.: 
(fontspec)             - 'normal' (m/n) with NFSS spec.:
(fontspec)             <->"IPAMincho/OT:script=hani;language=dflt;"
(fontspec)             - 'small caps'  (m/sc) with NFSS spec.: 
(fontspec)             - 'bold' (b/n) with NFSS spec.:
(fontspec)             <->"IPAGothic/OT:script=hani;language=dflt;"
(fontspec)             - 'bold small caps'  (b/sc) with NFSS spec.: 

) (c:/TeX/texmf-dist/tex/latex/marginnote/marginnote.sty
Package: marginnote 2018/08/09 v1.4b non floating margin notes for LaTeX
\c@mn@abspage=\count318
) (./Draft2023_Tufte.aux

LaTeX Warning: Label `tab:matches' multiply defined.


LaTeX Warning: Label `tab:matches' multiply defined.

)
\openout1 = `Draft2023_Tufte.aux'.

LaTeX Font Info:    Checking defaults for OML/cmm/m/it on input line 143.
LaTeX Font Info:    ... okay on input line 143.
LaTeX Font Info:    Checking defaults for OMS/cmsy/m/n on input line 143.
LaTeX Font Info:    ... okay on input line 143.
LaTeX Font Info:    Checking defaults for OT1/cmr/m/n on input line 143.
LaTeX Font Info:    ... okay on input line 143.
LaTeX Font Info:    Checking defaults for T1/cmr/m/n on input line 143.
LaTeX Font Info:    ... okay on input line 143.
LaTeX Font Info:    Checking defaults for TS1/cmr/m/n on input line 143.
LaTeX Font Info:    ... okay on input line 143.
LaTeX Font Info:    Checking defaults for TU/lmr/m/n on input line 143.
LaTeX Font Info:    ... okay on input line 143.
LaTeX Font Info:    Checking defaults for OMX/cmex/m/n on input line 143.
LaTeX Font Info:    ... okay on input line 143.
LaTeX Font Info:    Checking defaults for U/cmr/m/n on input line 143.
LaTeX Font Info:    ... okay on input line 143.
LaTeX Font Info:    Checking defaults for PD1/pdf/m/n on input line 143.
LaTeX Font Info:    ... okay on input line 143.
LaTeX Font Info:    Checking defaults for PU/pdf/m/n on input line 143.
LaTeX Font Info:    ... okay on input line 143.
LaTeX Font Info:    Overwriting math alphabet `\mathrm' in version `normal'
(Font)                  OT1/lmr/m/n --> TU/lmr/m/n on input line 143.
LaTeX Font Info:    Overwriting math alphabet `\mathit' in version `normal'
(Font)                  OT1/lmr/m/it --> TU/lmr/m/it on input line 143.
LaTeX Font Info:    Overwriting math alphabet `\mathbf' in version `normal'
(Font)                  OT1/lmr/bx/n --> TU/lmr/bx/n on input line 143.
LaTeX Font Info:    Overwriting math alphabet `\mathsf' in version `normal'
(Font)                  OT1/lmss/m/n --> TU/lmss/m/n on input line 143.
LaTeX Font Info:    Overwriting math alphabet `\mathsf' in version `bold'
(Font)                  OT1/lmss/bx/n --> TU/lmss/bx/n on input line 143.
LaTeX Font Info:    Overwriting math alphabet `\mathtt' in version `normal'
(Font)                  OT1/lmtt/m/n --> TU/lmtt/m/n on input line 143.
LaTeX Font Info:    Overwriting math alphabet `\mathtt' in version `bold'
(Font)                  OT1/lmtt/m/n --> TU/lmtt/bx/n on input line 143.

Package fontspec Info: latinmodern-math scale = 0.9999964596882403.


Package fontspec Info: latinmodern-math scale = 0.9999964596882403.


Package fontspec Info: latinmodern-math scale = 0.9999964596882403.


Package fontspec Info: Font family 'latinmodern-math.otf(0)' created for font
(fontspec)             'latinmodern-math.otf' with options
(fontspec)             [Scale=MatchLowercase,BoldItalicFont={},ItalicFont={},Sm
allCapsFont={},Script=Math,BoldFont={latinmodern-math.otf}].
(fontspec)              
(fontspec)              This font family consists of the following NFSS
(fontspec)             series/shapes:
(fontspec)              
(fontspec)             - 'normal' (m/n) with NFSS spec.:
(fontspec)             <->s*[0.9999964596882403]"[latinmodern-math.otf]/OT:scri
pt=math;language=dflt;"
(fontspec)             - 'small caps'  (m/sc) with NFSS spec.: 
(fontspec)             - 'bold' (b/n) with NFSS spec.:
(fontspec)             <->s*[0.9999964596882403]"[latinmodern-math.otf]/OT:scri
pt=math;language=dflt;"
(fontspec)             - 'bold small caps'  (b/sc) with NFSS spec.: 

LaTeX Font Info:    Font shape `TU/latinmodern-math.otf(0)/m/n' will be
(Font)              scaled to size 10.0pt on input line 143.

Package fontspec Info: latinmodern-math scale = 0.9999964596882403.


Package fontspec Info: latinmodern-math scale = 0.9999964596882403.


Package fontspec Info: latinmodern-math scale = 0.9999964596882403.


Package fontspec Info: latinmodern-math scale = 0.9999964596882403.


Package fontspec Info: latinmodern-math scale = 0.9999964596882403.


Package fontspec Info: Font family 'latinmodern-math.otf(1)' created for font
(fontspec)             'latinmodern-math.otf' with options
(fontspec)             [Scale=MatchLowercase,BoldItalicFont={},ItalicFont={},Sm
allCapsFont={},Script=Math,SizeFeatures={{Size=8.5-},{Size=6-8.5,Font=latinmode
rn-math.otf,Style=MathScript},{Size=-6,Font=latinmodern-math.otf,Style=MathScri
ptScript}},BoldFont={latinmodern-math.otf}].
(fontspec)              
(fontspec)              This font family consists of the following NFSS
(fontspec)             series/shapes:
(fontspec)              
(fontspec)             - 'normal' (m/n) with NFSS spec.:
(fontspec)             <8.5->s*[0.9999964596882403]"[latinmodern-math.otf]/OT:s
cript=math;language=dflt;"<6-8.5>s*[0.9999964596882403]"[latinmodern-math.otf]/
OT:script=math;language=dflt;+ssty=0;"<-6>s*[0.9999964596882403]"[latinmodern-m
ath.otf]/OT:script=math;language=dflt;+ssty=1;"
(fontspec)             - 'small caps'  (m/sc) with NFSS spec.: 
(fontspec)             - 'bold' (b/n) with NFSS spec.:
(fontspec)             <->s*[0.9999964596882403]"[latinmodern-math.otf]/OT:scri
pt=math;language=dflt;"
(fontspec)             - 'bold small caps'  (b/sc) with NFSS spec.: 

LaTeX Font Info:    Font shape `TU/latinmodern-math.otf(1)/m/n' will be
(Font)              scaled to size 10.0pt on input line 143.
LaTeX Font Info:    Encoding `OT1' has changed to `TU' for symbol font
(Font)              `operators' in the math version `normal' on input line 143.

LaTeX Font Info:    Overwriting symbol font `operators' in version `normal'
(Font)                  OT1/lmr/m/n --> TU/latinmodern-math.otf(1)/m/n on input
 line 143.
LaTeX Font Info:    Encoding `OT1' has changed to `TU' for symbol font
(Font)              `operators' in the math version `bold' on input line 143.
LaTeX Font Info:    Overwriting symbol font `operators' in version `bold'
(Font)                  OT1/lmr/bx/n --> TU/latinmodern-math.otf(1)/b/n on inpu
t line 143.

Package fontspec Info: latinmodern-math scale = 0.9999964596882403.


Package fontspec Info: latinmodern-math scale = 1.000096459334209.


Package fontspec Info: latinmodern-math scale = 0.9999964596882403.


Package fontspec Info: latinmodern-math scale = 1.000096459334209.


Package fontspec Info: latinmodern-math scale = 0.9999964596882403.


Package fontspec Info: latinmodern-math scale = 1.000096459334209.


Package fontspec Info: latinmodern-math scale = 0.9999964596882403.


Package fontspec Info: latinmodern-math scale = 1.000096459334209.


Package fontspec Info: latinmodern-math scale = 0.9999964596882403.


Package fontspec Info: latinmodern-math scale = 1.000096459334209.


Package fontspec Info: Font family 'latinmodern-math.otf(2)' created for font
(fontspec)             'latinmodern-math.otf' with options
(fontspec)             [Scale=MatchLowercase,BoldItalicFont={},ItalicFont={},Sm
allCapsFont={},Script=Math,SizeFeatures={{Size=8.5-},{Size=6-8.5,Font=latinmode
rn-math.otf,Style=MathScript},{Size=-6,Font=latinmodern-math.otf,Style=MathScri
ptScript}},BoldFont={latinmodern-math.otf},ScaleAgain=1.0001,FontAdjustment={\f
ontdimen
(fontspec)             8\font =6.77pt\relax \fontdimen 9\font =3.94pt\relax
(fontspec)             \fontdimen 10\font =4.44pt\relax \fontdimen 11\font
(fontspec)             =6.86pt\relax \fontdimen 12\font =3.45pt\relax
(fontspec)             \fontdimen 13\font =3.63pt\relax \fontdimen 14\font
(fontspec)             =3.63pt\relax \fontdimen 15\font =2.89pt\relax
(fontspec)             \fontdimen 16\font =2.47pt\relax \fontdimen 17\font
(fontspec)             =2.47pt\relax \fontdimen 18\font =2.5pt\relax
(fontspec)             \fontdimen 19\font =2.0pt\relax \fontdimen 22\font
(fontspec)             =2.5pt\relax \fontdimen 20\font =0pt\relax \fontdimen
(fontspec)             21\font =0pt\relax }].
(fontspec)              
(fontspec)              This font family consists of the following NFSS
(fontspec)             series/shapes:
(fontspec)              
(fontspec)             - 'normal' (m/n) with NFSS spec.:
(fontspec)             <8.5->s*[1.000096459334209]"[latinmodern-math.otf]/OT:sc
ript=math;language=dflt;"<6-8.5>s*[1.000096459334209]"[latinmodern-math.otf]/OT
:script=math;language=dflt;+ssty=0;"<-6>s*[1.000096459334209]"[latinmodern-math
.otf]/OT:script=math;language=dflt;+ssty=1;"
(fontspec)             - 'small caps'  (m/sc) with NFSS spec.: 
(fontspec)             and font adjustment code:
(fontspec)             \fontdimen 8\font =6.77pt\relax \fontdimen 9\font
(fontspec)             =3.94pt\relax \fontdimen 10\font =4.44pt\relax
(fontspec)             \fontdimen 11\font =6.86pt\relax \fontdimen 12\font
(fontspec)             =3.45pt\relax \fontdimen 13\font =3.63pt\relax
(fontspec)             \fontdimen 14\font =3.63pt\relax \fontdimen 15\font
(fontspec)             =2.89pt\relax \fontdimen 16\font =2.47pt\relax
(fontspec)             \fontdimen 17\font =2.47pt\relax \fontdimen 18\font
(fontspec)             =2.5pt\relax \fontdimen 19\font =2.0pt\relax \fontdimen
(fontspec)             22\font =2.5pt\relax \fontdimen 20\font =0pt\relax
(fontspec)             \fontdimen 21\font =0pt\relax 
(fontspec)             - 'bold' (b/n) with NFSS spec.:
(fontspec)             <->s*[1.000096459334209]"[latinmodern-math.otf]/OT:scrip
t=math;language=dflt;"
(fontspec)             - 'bold small caps'  (b/sc) with NFSS spec.: 
(fontspec)             and font adjustment code:
(fontspec)             \fontdimen 8\font =6.77pt\relax \fontdimen 9\font
(fontspec)             =3.94pt\relax \fontdimen 10\font =4.44pt\relax
(fontspec)             \fontdimen 11\font =6.86pt\relax \fontdimen 12\font
(fontspec)             =3.45pt\relax \fontdimen 13\font =3.63pt\relax
(fontspec)             \fontdimen 14\font =3.63pt\relax \fontdimen 15\font
(fontspec)             =2.89pt\relax \fontdimen 16\font =2.47pt\relax
(fontspec)             \fontdimen 17\font =2.47pt\relax \fontdimen 18\font
(fontspec)             =2.5pt\relax \fontdimen 19\font =2.0pt\relax \fontdimen
(fontspec)             22\font =2.5pt\relax \fontdimen 20\font =0pt\relax
(fontspec)             \fontdimen 21\font =0pt\relax 

LaTeX Font Info:    Encoding `OMS' has changed to `TU' for symbol font
(Font)              `symbols' in the math version `normal' on input line 143.
LaTeX Font Info:    Overwriting symbol font `symbols' in version `normal'
(Font)                  OMS/lmsy/m/n --> TU/latinmodern-math.otf(2)/m/n on inpu
t line 143.
LaTeX Font Info:    Encoding `OMS' has changed to `TU' for symbol font
(Font)              `symbols' in the math version `bold' on input line 143.
LaTeX Font Info:    Overwriting symbol font `symbols' in version `bold'
(Font)                  OMS/lmsy/b/n --> TU/latinmodern-math.otf(2)/b/n on inpu
t line 143.

Package fontspec Info: latinmodern-math scale = 0.9999964596882403.


Package fontspec Info: latinmodern-math scale = 0.9998964600422715.


Package fontspec Info: latinmodern-math scale = 0.9999964596882403.


Package fontspec Info: latinmodern-math scale = 0.9998964600422715.


Package fontspec Info: latinmodern-math scale = 0.9999964596882403.


Package fontspec Info: latinmodern-math scale = 0.9998964600422715.


Package fontspec Info: latinmodern-math scale = 0.9999964596882403.


Package fontspec Info: latinmodern-math scale = 0.9998964600422715.


Package fontspec Info: latinmodern-math scale = 0.9999964596882403.


Package fontspec Info: latinmodern-math scale = 0.9998964600422715.


Package fontspec Info: Font family 'latinmodern-math.otf(3)' created for font
(fontspec)             'latinmodern-math.otf' with options
(fontspec)             [Scale=MatchLowercase,BoldItalicFont={},ItalicFont={},Sm
allCapsFont={},Script=Math,SizeFeatures={{Size=8.5-},{Size=6-8.5,Font=latinmode
rn-math.otf,Style=MathScript},{Size=-6,Font=latinmodern-math.otf,Style=MathScri
ptScript}},BoldFont={latinmodern-math.otf},ScaleAgain=0.9999,FontAdjustment={\f
ontdimen
(fontspec)             8\font =0.4pt\relax \fontdimen 9\font =2.0pt\relax
(fontspec)             \fontdimen 10\font =1.67pt\relax \fontdimen 11\font
(fontspec)             =1.11pt\relax \fontdimen 12\font =6.0pt\relax
(fontspec)             \fontdimen 13\font =0pt\relax }].
(fontspec)              
(fontspec)              This font family consists of the following NFSS
(fontspec)             series/shapes:
(fontspec)              
(fontspec)             - 'normal' (m/n) with NFSS spec.:
(fontspec)             <8.5->s*[0.9998964600422715]"[latinmodern-math.otf]/OT:s
cript=math;language=dflt;"<6-8.5>s*[0.9998964600422715]"[latinmodern-math.otf]/
OT:script=math;language=dflt;+ssty=0;"<-6>s*[0.9998964600422715]"[latinmodern-m
ath.otf]/OT:script=math;language=dflt;+ssty=1;"
(fontspec)             - 'small caps'  (m/sc) with NFSS spec.: 
(fontspec)             and font adjustment code:
(fontspec)             \fontdimen 8\font =0.4pt\relax \fontdimen 9\font
(fontspec)             =2.0pt\relax \fontdimen 10\font =1.67pt\relax
(fontspec)             \fontdimen 11\font =1.11pt\relax \fontdimen 12\font
(fontspec)             =6.0pt\relax \fontdimen 13\font =0pt\relax 
(fontspec)             - 'bold' (b/n) with NFSS spec.:
(fontspec)             <->s*[0.9998964600422715]"[latinmodern-math.otf]/OT:scri
pt=math;language=dflt;"
(fontspec)             - 'bold small caps'  (b/sc) with NFSS spec.: 
(fontspec)             and font adjustment code:
(fontspec)             \fontdimen 8\font =0.4pt\relax \fontdimen 9\font
(fontspec)             =2.0pt\relax \fontdimen 10\font =1.67pt\relax
(fontspec)             \fontdimen 11\font =1.11pt\relax \fontdimen 12\font
(fontspec)             =6.0pt\relax \fontdimen 13\font =0pt\relax 

LaTeX Font Info:    Encoding `OMX' has changed to `TU' for symbol font
(Font)              `largesymbols' in the math version `normal' on input line 1
43.
LaTeX Font Info:    Overwriting symbol font `largesymbols' in version `normal'
(Font)                  OMX/lmex/m/n --> TU/latinmodern-math.otf(3)/m/n on inpu
t line 143.
LaTeX Font Info:    Encoding `OMX' has changed to `TU' for symbol font
(Font)              `largesymbols' in the math version `bold' on input line 143
.
LaTeX Font Info:    Overwriting symbol font `largesymbols' in version `bold'
(Font)                  OMX/lmex/m/n --> TU/latinmodern-math.otf(3)/b/n on inpu
t line 143.
LaTeX Info: Redefining \microtypecontext on input line 143.
Package microtype Info: Character protrusion enabled (level 2).
Package microtype Info: Using protrusion set `basicmath'.
Package microtype Info: No adjustment of tracking.
Package microtype Info: No adjustment of spacing.
Package microtype Info: No adjustment of kerning.
(c:/TeX/texmf-dist/tex/latex/microtype/mt-LatinModernRoman.cfg
File: mt-LatinModernRoman.cfg 2013/03/13 v1.0 microtype config. file: Latin Mod
ern Roman (RS)
)
\AtBeginShipoutBox=\box62
Package hyperref Info: Link coloring OFF on input line 143.
(c:/TeX/texmf-dist/tex/latex/hyperref/nameref.sty
Package: nameref 2019/09/16 v2.46 Cross-referencing by name of section
(c:/TeX/texmf-dist/tex/latex/refcount/refcount.sty
Package: refcount 2019/12/15 v3.6 Data extraction from label references (HO)
) (c:/TeX/texmf-dist/tex/generic/gettitlestring/gettitlestring.sty
Package: gettitlestring 2019/12/15 v1.6 Cleanup title references (HO)
)
\c@section@level=\count319
)
LaTeX Info: Redefining \ref on input line 143.
LaTeX Info: Redefining \pageref on input line 143.
LaTeX Info: Redefining \nameref on input line 143.
*geometry* driver: auto-detecting
*geometry* detected driver: xetex
*geometry* verbose mode - [ preamble ] result:
* driver: xetex
* paper: <default>
* layout: <same size as paper>
* layoutoffset:(h,v)=(0.0pt,0.0pt)
* modes: 
* h-part:(L,W,R)=(72.26999pt, 469.75502pt, 72.26999pt)
* v-part:(T,H,B)=(72.26999pt, 650.43001pt, 72.26999pt)
* \paperwidth=614.295pt
* \paperheight=794.96999pt
* \textwidth=469.75502pt
* \textheight=650.43001pt
* \oddsidemargin=0.0pt
* \evensidemargin=0.0pt
* \topmargin=-37.0pt
* \headheight=12.0pt
* \headsep=25.0pt
* \topskip=10.0pt
* \footskip=30.0pt
* \marginparwidth=65.0pt
* \marginparsep=11.0pt
* \columnsep=10.0pt
* \skip\footins=9.0pt plus 4.0pt minus 2.0pt
* \hoffset=0.0pt
* \voffset=0.0pt
* \mag=1000
* \@twocolumnfalse
* \@twosidefalse
* \@mparswitchfalse
* \@reversemarginfalse
* (1in=72.27pt=25.4mm, 1cm=28.453pt)


Package fontspec Info: IPAGothic scale = 0.819577473370841.


Package fontspec Info: Could not resolve font "IPAGothic/I" (it probably
(fontspec)             doesn't exist).


Package fontspec Info: Could not resolve font "IPAGothic/BI" (it probably
(fontspec)             doesn't exist).


Package fontspec Info: Could not resolve font "IPAGothic/I" (it probably
(fontspec)             doesn't exist).


Package fontspec Info: IPAGothic scale = 0.819577473370841.


Package fontspec Info: IPAGothic scale = 0.819577473370841.


Package fontspec Info: IPAGothic scale = 0.819577473370841.


Package fontspec Info: Font family 'IPAGothic(0)' created for font 'IPAGothic'
(fontspec)             with options
(fontspec)             [Scale=MatchLowercase,Script={CJK},Scale={},FontFace={{b
x}{n}{IPAGothic}},BoldFont={IPAGothic}].
(fontspec)              
(fontspec)              This font family consists of the following NFSS
(fontspec)             series/shapes:
(fontspec)              
(fontspec)             - (bx/n) with NFSS spec.:
(fontspec)             <->"IPAGothic/OT:script=hani;language=dflt;"
(fontspec)             -  (bx/sc) with NFSS spec.: 
(fontspec)             - 'normal' (m/n) with NFSS spec.:
(fontspec)             <->"IPAGothic/OT:script=hani;language=dflt;"
(fontspec)             - 'small caps'  (m/sc) with NFSS spec.: 
(fontspec)             - 'bold' (b/n) with NFSS spec.:
(fontspec)             <->"IPAGothic/OT:script=hani;language=dflt;"
(fontspec)             - 'bold small caps'  (b/sc) with NFSS spec.: 


Package fontspec Info: IPAGothic scale = 0.819577473370841.

LaTeX Font Info:    Font shape `TU/latinmodern-math.otf(1)/m/n' will be
(Font)              scaled to size 12.0pt on input line 145.
LaTeX Font Info:    Font shape `TU/latinmodern-math.otf(1)/m/n' will be
(Font)              scaled to size 8.0pt on input line 145.
LaTeX Font Info:    Font shape `TU/latinmodern-math.otf(1)/m/n' will be
(Font)              scaled to size 6.0pt on input line 145.
LaTeX Font Info:    Trying to load font information for OML+lmm on input line 1
45.
(c:/TeX/texmf-dist/tex/latex/lm/omllmm.fd
File: omllmm.fd 2009/10/30 v1.6 Font defs for Latin Modern
)
LaTeX Font Info:    Font shape `TU/latinmodern-math.otf(2)/m/n' will be
(Font)              scaled to size 12.0011pt on input line 145.
LaTeX Font Info:    Font shape `TU/latinmodern-math.otf(2)/m/n' will be
(Font)              scaled to size 8.00073pt on input line 145.
LaTeX Font Info:    Font shape `TU/latinmodern-math.otf(2)/m/n' will be
(Font)              scaled to size 6.00055pt on input line 145.
LaTeX Font Info:    Font shape `TU/latinmodern-math.otf(3)/m/n' will be
(Font)              scaled to size 11.99872pt on input line 145.
LaTeX Font Info:    Font shape `TU/latinmodern-math.otf(3)/m/n' will be
(Font)              scaled to size 7.99915pt on input line 145.
LaTeX Font Info:    Font shape `TU/latinmodern-math.otf(3)/m/n' will be
(Font)              scaled to size 5.99936pt on input line 145.
LaTeX Font Info:    Trying to load font information for U+msa on input line 145
.
(c:/TeX/texmf-dist/tex/latex/amsfonts/umsa.fd
File: umsa.fd 2013/01/14 v3.01 AMS symbols A
) (c:/TeX/texmf-dist/tex/latex/microtype/mt-msa.cfg
File: mt-msa.cfg 2006/02/04 v1.1 microtype config. file: AMS symbols (a) (RS)
)
LaTeX Font Info:    Trying to load font information for U+msb on input line 145
.
(c:/TeX/texmf-dist/tex/latex/amsfonts/umsb.fd
File: umsb.fd 2013/01/14 v3.01 AMS symbols B
) (c:/TeX/texmf-dist/tex/latex/microtype/mt-msb.cfg
File: mt-msb.cfg 2005/06/01 v1.0 microtype config. file: AMS symbols (b) (RS)
) (./Draft2023_Tufte.toc
LaTeX Font Info:    Font shape `TU/latinmodern-math.otf(1)/m/n' will be
(Font)              scaled to size 7.0pt on input line 2.
LaTeX Font Info:    Font shape `TU/latinmodern-math.otf(1)/m/n' will be
(Font)              scaled to size 5.0pt on input line 2.
LaTeX Font Info:    Font shape `TU/latinmodern-math.otf(2)/m/n' will be
(Font)              scaled to size 10.00092pt on input line 2.
LaTeX Font Info:    Font shape `TU/latinmodern-math.otf(2)/m/n' will be
(Font)              scaled to size 7.00064pt on input line 2.
LaTeX Font Info:    Font shape `TU/latinmodern-math.otf(2)/m/n' will be
(Font)              scaled to size 5.00046pt on input line 2.
LaTeX Font Info:    Font shape `TU/latinmodern-math.otf(3)/m/n' will be
(Font)              scaled to size 9.99893pt on input line 2.
LaTeX Font Info:    Font shape `TU/latinmodern-math.otf(3)/m/n' will be
(Font)              scaled to size 6.99925pt on input line 2.
LaTeX Font Info:    Font shape `TU/latinmodern-math.otf(3)/m/n' will be
(Font)              scaled to size 4.99947pt on input line 2.
)
\tf@toc=\write4
\openout4 = `Draft2023_Tufte.toc'.

[1

]
File: c:/data/NameRight//program/figure/Tennessee Dunn v Palermo 1975 plot-1.pd
f Graphic file (type pdf)
<use c:/data/NameRight//program/figure/Tennessee Dunn v Palermo 1975 plot-1.pdf
>
[2]
File: ../save/figure/TennesseeMarriageStandardisedRates1974AsZero.pdf Graphic f
ile (type pdf)
<use ../save/figure/TennesseeMarriageStandardisedRates1974AsZero.pdf>
File: ../save/figure/TennesseeMarriageStandardisedLevels1974AsZero.pdf Graphic 
file (type pdf)
<use ../save/figure/TennesseeMarriageStandardisedLevels1974AsZero.pdf>
File: ../save/figure/TennesseeMarriageStandardisedRates.pdf Graphic file (type 
pdf)
<use ../save/figure/TennesseeMarriageStandardisedRates.pdf>
File: ../save/figure/TennesseeMarriageStandardisedLevels.pdf Graphic file (type
 pdf)
<use ../save/figure/TennesseeMarriageStandardisedLevels.pdf>

Underfull \hbox (badness 10000) in paragraph at lines 278--282
[][]
 []


Underfull \hbox (badness 10000) in paragraph at lines 278--282
[]
 []


Underfull \hbox (badness 10000) in paragraph at lines 278--282
[]
 []

[3] [4]
File: c:/data/NameRight//program/figure/plot divorce Tennessee-1.pdf Graphic fi
le (type pdf)
<use c:/data/NameRight//program/figure/plot divorce Tennessee-1.pdf>
[5] [6] [7]
Underfull \hbox (badness 10000) in paragraph at lines 507--510

 []

[8]
Overfull \hbox (1.85725pt too wide) in paragraph at lines 595--595
 []|\TU/lmr/m/n/10 year.M| 
 []


Overfull \hbox (63.17947pt too wide) in alignment at lines 592--597
[] [] [] [] [] [] 
 []


Overfull \hbox (1.85725pt too wide) in paragraph at lines 600--600
 []|\TU/lmr/m/n/10 year.M| 
 []


Overfull \hbox (63.17947pt too wide) in alignment at lines 597--602
[] [] [] [] [] [] 
 []


Overfull \hbox (63.17947pt too wide) in alignment at lines 602--605
[] [] [] [] [] [] 
 []


Overfull \hbox (63.17947pt too wide) in alignment at lines 605--607
[] [] [] [] [] [] 
 []


Overfull \hbox (20.92986pt too wide) in paragraph at lines 608--609
\TU/lmr/m/n/10 added:](https://casetext.com/case/state- 
 []


Overfull \hbox (13.01985pt too wide) in paragraph at lines 608--609
\TU/lmr/m/n/10 832#:~:text=and%20general%20relief.- 
 []


Overfull \hbox (16.76985pt too wide) in paragraph at lines 610--611
\TU/lmr/m/n/10 added:](https://casetext.com/case/laks- 
 []


Overfull \hbox (38.45985pt too wide) in paragraph at lines 610--611
\TU/lmr/m/n/10 laks#:~:text=of%20the%20children%3F%22- 
 []


Overfull \hbox (30.87985pt too wide) in paragraph at lines 611--612
\TU/lmr/m/n/10 added:](https://casetext.com/case/malone- 
 []


Overfull \hbox (697.78964pt too wide) in paragraph at lines 611--612
\TU/lmr/m/n/10 sullivan#:~:text=Respondent%27s%20refusal%20to%20grant%20petitio
ner%27s%20petition%20solely%20because%20it%20was%20filed%20under%20her%20maiden
%20surname%20was%20error.) 
 []


Overfull \hbox (61.20985pt too wide) in paragraph at lines 612--613
\TU/lmr/m/n/10 \url{https://law.justia.com/cases/federal/district- 
 []


Overfull \hbox (1.80965pt too wide) in paragraph at lines 612--613
\TU/lmr/m/n/10 courts/FSupp/391/1395/1494569/}] 
 []


Overfull \hbox (75.51985pt too wide) in paragraph at lines 612--613
\TU/lmr/m/n/10 added:](https://law.justia.com/cases/federal/district- 
 []


Overfull \hbox (1388.7399pt too wide) in paragraph at lines 612--613
\TU/lmr/m/n/10 courts/FSupp/391/1395/1494569/#:~:text=Under%20Arkansas%20law%20
a%20married%20woman%20may%20retain%20her%20maiden%20name%2C%20and%20if%20Pamela
%20Walker%20did%20not%20change%20her%20name%20when%20she%20married%20she%20was%
20entitled%20to%20be%20registered%20under%20her%20maiden%20name.)]|  
 []


Overfull \hbox (75.51985pt too wide) in paragraph at lines 614--615
\TU/lmr/m/n/10 added:](https://law.justia.com/cases/federal/district- 
 []


Overfull \hbox (1540.4096pt too wide) in paragraph at lines 614--615
\TU/lmr/m/n/10 courts/FSupp/391/1395/1494569/#:~:text=an%20opinion%20from%20the
%20Attorney%20General%20of%20Arkansas%2C%20rendered%20in%20April%2C%201974%2C%2
0to%20the%20effect%20that%20%22there%20is%20no%20Arkansas%20law%20which%20autom
atically%20changes%20a%20woman%27s%20name%20to%20that%20of%20her%20husband%20up
on%20marriage.%22) 
 []


Overfull \hbox (75.51985pt too wide) in paragraph at lines 615--616
\TU/lmr/m/n/10 added:](https://law.justia.com/cases/federal/district- 
 []


Overfull \hbox (6.49657pt too wide) in paragraph at lines 617--617
 []|\TU/lmr/m/n/10 Weathers 
 []


Overfull \hbox (37.89986pt too wide) in paragraph at lines 617--617
\TU/lmr/m/n/10 added:](https://casetext.com/case/weathers- 
 []


Overfull \hbox (30.70985pt too wide) in paragraph at lines 617--617
\TU/lmr/m/n/10 1968](https://casetext.com/case/cherrigan- 
 []


Overfull \hbox (37.89986pt too wide) in paragraph at lines 617--618
\TU/lmr/m/n/10 added:](https://casetext.com/case/weathers- 
 []


Overfull \hbox (816.28963pt too wide) in paragraph at lines 617--618
\TU/lmr/m/n/10 court#:~:text=Accordingly%2C%20when%20a%20woman%20marries%2C%20s
he%20may%20choose%20to%20be%20known%20by%20the%20surname%20of%20her%20husband%2
0or%20by%20her%20maiden%20surname.) 
 []


Overfull \hbox (5.21678pt too wide) in paragraph at lines 620--620
 \TU/lmr/m/n/10 Bonadies| 
 []


Overfull \hbox (25.95985pt too wide) in paragraph at lines 620--621
\TU/lmr/m/n/10 added:](https://casetext.com/case/custer- 
 []


Overfull \hbox (26.74986pt too wide) in paragraph at lines 623--624
\TU/lmr/m/n/10 added:](https://casetext.com/case/brown- 
 []


Overfull \hbox (559.94963pt too wide) in paragraph at lines 623--624
\TU/lmr/m/n/10 423#:~:text=The%20case%20is%20remanded%20and%20the%20trial%20cou
rt%20is%20directed%20to%20restore%20to%20appellant%20her%20maiden%20name.)] 
 []


Overfull \hbox (22.04987pt too wide) in paragraph at lines 626--627
\TU/lmr/m/n/10 added:](https://casetext.com/case/davis- 
 []


Overfull \hbox (60.55965pt too wide) in paragraph at lines 626--627
\TU/lmr/m/n/10 roos#:~:text=The%20decision%20in%20Forbush) 
 []


Overfull \hbox (44.38986pt too wide) in paragraph at lines 626--627
\TU/lmr/m/n/10 surname.](https://casetext.com/case/forbush- 
 []


Overfull \hbox (844.12964pt too wide) in paragraph at lines 626--627
\TU/lmr/m/n/10 wallace#:~:text=noting%20that%20Alabama%20has%20adopted%20the%20
common%20law%20rule%20that%20upon%20marriage%20the%20wife%20by%20operation%20of
%20law%20takes%20the%20husband%27s%20surname.) 
 []


Overfull \hbox (38.08986pt too wide) in paragraph at lines 626--627
\TU/lmr/m/n/10 Grayson](https://casetext.com/case/roberts- 
 []


Overfull \hbox (16.81985pt too wide) in paragraph at lines 626--627
\TU/lmr/m/n/10 660](https://casetext.com/case/roberts- 
 []


Overfull \hbox (668.62962pt too wide) in paragraph at lines 626--627
\TU/lmr/m/n/10 grayson#p660:~:text=a%20married%20woman%27s%20name%20consists%2C
%20in%20law%2C%20of%20her%20own%20Christian%20name%20and%20her%20husband%27s%20
surname.), 
 []


Overfull \hbox (11.56985pt too wide) in paragraph at lines 626--627
\TU/lmr/m/n/10 38](https://casetext.com/case/roberts- 
 []


Overfull \hbox (712.90964pt too wide) in paragraph at lines 626--627
\TU/lmr/m/n/10 grayson#:~:text=A%20married%20woman%20takes%20her%20husband%27s%
20surname%2C%20and,the%20appellative%20abbreviation%20%27Mrs.%27%20prefixed%20t
o%20the%20surname%3B) 
 []


Overfull \hbox (21.05986pt too wide) in paragraph at lines 626--627
\TU/lmr/m/n/10 App](https://casetext.com/case/bentley- 
 []


Overfull \hbox (8.10986pt too wide) in paragraph at lines 627--628
\TU/lmr/m/n/10 added:](https://casetext.com/case/in- 
 []


Overfull \hbox (72.73964pt too wide) in paragraph at lines 627--628
\TU/lmr/m/n/10 2#p403:~:text=The%20right%20of%20a%20woman) 
 []


Overfull \hbox (22.82985pt too wide) in paragraph at lines 627--628
\TU/lmr/m/n/10 477](https://casetext.com/case/marshall- 
 []


Overfull \hbox (7.89986pt too wide) in paragraph at lines 627--628
\TU/lmr/m/n/10 226](https://casetext.com/case/davis- 
 []


Overfull \hbox (8.87985pt too wide) in paragraph at lines 627--628
\TU/lmr/m/n/10 403](https://casetext.com/case/egner- 
 []


Overfull \hbox (3.87985pt too wide) in paragraph at lines 627--628
\TU/lmr/m/n/10 46](https://casetext.com/case/egner- 
 []


Overfull \hbox (4.00658pt too wide) in paragraph at lines 629--629
 []|\TU/lmr/m/n/10 Marshall 
 []


Overfull \hbox (37.07986pt too wide) in paragraph at lines 629--630
\TU/lmr/m/n/10 added:](https://casetext.com/case/marshall- 
 []


Overfull \hbox (63.17947pt too wide) in alignment at lines 607--631
[] [] [] [] [] [] 
 []

[9]
Overfull \hbox (13.91986pt too wide) in paragraph at lines 632--633
\TU/lmr/m/n/10 added:](https://commonlaw.name/GA- 
 []


Overfull \hbox (75.51985pt too wide) in paragraph at lines 634--635
\TU/lmr/m/n/10 added:](https://law.justia.com/cases/federal/district- 
 []


Overfull \hbox (138.20985pt too wide) in paragraph at lines 634--635
\TU/lmr/m/n/10 courts/FSupp/466/714/2360834/#:~:text=adopted%20in%201860.- 
 []


Overfull \hbox (47.37985pt too wide) in paragraph at lines 636--637
\TU/lmr/m/n/10 added:](https://ag.state.il.us/opinions/1974/S- 
 []


Overfull \hbox (47.37985pt too wide) in paragraph at lines 638--639
\TU/lmr/m/n/10 added:](https://ag.state.il.us/opinions/1974/S- 
 []


Overfull \hbox (1.42679pt too wide) in paragraph at lines 639--639
 \TU/lmr/m/n/10 Hauptly| 
 []


Overfull \hbox (8.10986pt too wide) in paragraph at lines 639--640
\TU/lmr/m/n/10 added:](https://casetext.com/case/in- 
 []


Overfull \hbox (169.12964pt too wide) in paragraph at lines 640--641
\TU/lmr/m/n/10 added:](https://www.legis.iowa.gov/docs/publications/AGO/1043259
.pdf) 
 []


Overfull \hbox (26.72656pt too wide) in paragraph at lines 648--648
 []|\TU/lmr/m/n/10 Memorandum 
 []


Overfull \hbox (182.42987pt too wide) in paragraph at lines 651--652
\TU/lmr/m/n/10 \url{https://www.casemine.com/judgement/us/591494baadd7b049345c1
e1e}]|  
 []


Overfull \hbox (77.41986pt too wide) in paragraph at lines 654--655
\TU/lmr/m/n/10 added:](https://law.justia.com/cases/maine/supreme- 
 []


Overfull \hbox (63.17947pt too wide) in alignment at lines 631--655
[] [] [] [] [] [] 
 []

[10] [11] [12] [13] [14] [15]
Overfull \hbox (20.60986pt too wide) in paragraph at lines 662--663
\TU/lmr/m/n/10 added:](https://casetext.com/case/klein- 
 []


Overfull \hbox (25.96986pt too wide) in paragraph at lines 665--666
\TU/lmr/m/n/10 added:](https://casetext.com/case/stuart- 
 []


Overfull \hbox (273.44965pt too wide) in paragraph at lines 665--666
\TU/lmr/m/n/10 elections#:~:text=a%20woman%20may%20retain%20her%20birth%20name%
20after%20marriage) 
 []


Overfull \hbox (5.2445pt too wide) in paragraph at lines 666--666
[]|\TU/lmr/m/n/10 Massachusetts|  
 []


Overfull \hbox (5.2445pt too wide) in paragraph at lines 668--668
[]|\TU/lmr/m/n/10 Massachusetts|  
 []


Overfull \hbox (5.2445pt too wide) in paragraph at lines 669--669
[]|\TU/lmr/m/n/10 Massachusetts|  
 []


Overfull \hbox (6.74657pt too wide) in paragraph at lines 669--669
 []|\TU/lmr/m/n/10 Secretary 
 []


Overfull \hbox (112.61986pt too wide) in paragraph at lines 669--670
\TU/lmr/m/n/10 added:](https://law.justia.com/cases/massachusetts/supreme- 
 []


Overfull \hbox (12.19656pt too wide) in paragraph at lines 671--671
 []|\TU/lmr/m/n/10 Piotrowski 
 []


Overfull \hbox (2.60678pt too wide) in paragraph at lines 671--671
 \TU/lmr/m/n/10 otrowski| 
 []


Overfull \hbox (44.85986pt too wide) in paragraph at lines 671--672
\TU/lmr/m/n/10 added:](https://casetext.com/case/piotrowski- 
 []


Overfull \hbox (87.34964pt too wide) in paragraph at lines 671--672
\TU/lmr/m/n/10 piotrowski#:~:text=There%20is%20no%20requirement) 
 []


Overfull \hbox (3.07678pt too wide) in paragraph at lines 675--675
 \TU/lmr/m/n/10 Commn| 
 []


Overfull \hbox (74.17986pt too wide) in paragraph at lines 677--678
\TU/lmr/m/n/10 added:](https://law.justia.com/cases/missouri/court- 
 []


Overfull \hbox (1.61656pt too wide) in paragraph at lines 678--678
 []|\TU/lmr/m/n/10 Johnson 
 []


Overfull \hbox (63.17947pt too wide) in alignment at lines 655--679
[] [] [] [] [] [] 
 []

[16] [17] [18] [19]
Overfull \hbox (5.35657pt too wide) in paragraph at lines 684--684
 []|\TU/lmr/m/n/10 Simmons 
 []


Overfull \hbox (90.00986pt too wide) in paragraph at lines 684--685
\TU/lmr/m/n/10 added:](https://law.justia.com/cases/nebraska/supreme- 
 []


Overfull \hbox (12.01657pt too wide) in paragraph at lines 686--686
 []|\TU/lmr/m/n/10 Moskowitz 
 []


Overfull \hbox (12.01678pt too wide) in paragraph at lines 686--686
 \TU/lmr/m/n/10 Moskowitz| 
 []


Overfull \hbox (45.08986pt too wide) in paragraph at lines 686--687
\TU/lmr/m/n/10 added:](https://casetext.com/case/moskowitz- 
 []


Overfull \hbox (75.51985pt too wide) in paragraph at lines 687--688
\TU/lmr/m/n/10 added:](https://law.justia.com/cases/federal/district- 
 []


Overfull \hbox (138.20985pt too wide) in paragraph at lines 687--688
\TU/lmr/m/n/10 courts/FSupp/466/714/2360834/#:~:text=adopted%20in%201860.- 
 []


Overfull \hbox (6.84679pt too wide) in paragraph at lines 689--689
 \TU/lmr/m/n/10 Lawrence| 
 []


Overfull \hbox (24.81985pt too wide) in paragraph at lines 690--691
\TU/lmr/m/n/10 Seiro:](https://casetext.com/case/matter- 
 []


Overfull \hbox (1002.83968pt too wide) in paragraph at lines 690--691
\TU/lmr/m/n/10 3/#:~:text=No%20reasonable%20objection%20appearing%2C%20appellan
t%20is%20entitled%20to%20her%20requested%20order%20declaring%20that%20she%20sha
ll%20be%20known%20by%20her%20maiden%20name%20of%20Ryan%2C%20and%20no%20other.) 

 []


Overfull \hbox (29.23985pt too wide) in paragraph at lines 694--695
\TU/lmr/m/n/10 added:](https://casetext.com/case/matter- 
 []


Overfull \hbox (52.61986pt too wide) in paragraph at lines 694--695
\TU/lmr/m/n/10 requirement](https://casetext.com/case/matter- 
 []


Overfull \hbox (27.02986pt too wide) in paragraph at lines 695--696
\TU/lmr/m/n/10 added:](https://casetext.com/case/obrien- 
 []


Overfull \hbox (171.29985pt too wide) in paragraph at lines 695--696
\TU/lmr/m/n/10 ,North%20Carolina%20General%20Statute%20%C2%A7%20130%2D50(e),- 
 []


Overfull \hbox (7.25679pt too wide) in paragraph at lines 698--698
 \TU/lmr/m/n/10 Mohlman| 
 []


Overfull \hbox (8.10986pt too wide) in paragraph at lines 698--699
\TU/lmr/m/n/10 added:](https://casetext.com/case/in- 
 []


Overfull \hbox (15.88986pt too wide) in paragraph at lines 700--701
\TU/lmr/m/n/10 added:](https://casetext.com/case/ball- 
 []


Overfull \hbox (23.70985pt too wide) in paragraph at lines 701--702
\TU/lmr/m/n/10 added:](https://casetext.com/case/sneed- 
 []


Overfull \hbox (178.99986pt too wide) in paragraph at lines 701--702
\TU/lmr/m/n/10 3?__cf_chl_tk=GALYvgWoul0U8HLvqPk5QbPn60Y1sB6pkdTFKkYbyAg- 
 []


Overfull \hbox (26.49986pt too wide) in paragraph at lines 701--702
\TU/lmr/m/n/10 1975)](https://casetext.com/case/opinion- 
 []


Overfull \hbox (152.73987pt too wide) in paragraph at lines 701--702
\TU/lmr/m/n/10 25001?sort=relevance&resultsNav=false&q=#:~:text=(Okl.%201971).-
 
 []


Overfull \hbox (23.70985pt too wide) in paragraph at lines 702--703
\TU/lmr/m/n/10 added:](https://casetext.com/case/sneed- 
 []


Overfull \hbox (178.99986pt too wide) in paragraph at lines 702--703
\TU/lmr/m/n/10 3?__cf_chl_tk=GALYvgWoul0U8HLvqPk5QbPn60Y1sB6pkdTFKkYbyAg- 
 []


Overfull \hbox (63.17947pt too wide) in alignment at lines 679--703
[] [] [] [] [] [] 
 []

[20] [21] [22] [23]
Overfull \hbox (4.50658pt too wide) in paragraph at lines 708--708
 []|\TU/lmr/m/n/10 Traugott 
 []


Overfull \hbox (35.91986pt too wide) in paragraph at lines 708--709
\TU/lmr/m/n/10 added:](https://casetext.com/case/traugott- 
 []


Overfull \hbox (16.98985pt too wide) in paragraph at lines 712--713
\TU/lmr/m/n/10 added:](https://casetext.com/case/ogle- 
 []


Overfull \hbox (66.64986pt too wide) in paragraph at lines 712--713
\TU/lmr/m/n/10 cir#p21:~:text=of%20name.%20Consequently%2C- 
 []


Overfull \hbox (1.85678pt too wide) in paragraph at lines 714--714
 \TU/lmr/m/n/10 Palermo| 
 []


Overfull \hbox (3.43657pt too wide) in paragraph at lines 718--718
 \TU/lmr/m/n/10 Whether 
 []


Overfull \hbox (145.73985pt too wide) in paragraph at lines 718--719
\TU/lmr/m/n/10 4:](https://www.texasattorneygeneral.gov/sites/default/files/opi
nion- 
 []


Overfull \hbox (8.10986pt too wide) in paragraph at lines 723--724
\TU/lmr/m/n/10 added:](https://casetext.com/case/in- 
 []


Overfull \hbox (25.27986pt too wide) in paragraph at lines 723--724
\TU/lmr/m/n/10 antell#:~:text=should%20be%20granted.- 
 []


Overfull \hbox (8.10986pt too wide) in paragraph at lines 724--725
\TU/lmr/m/n/10 added:](https://casetext.com/case/in- 
 []


Overfull \hbox (41.87985pt too wide) in paragraph at lines 724--725
\TU/lmr/m/n/10 miller#:~:text=and%20Compton%2C%20JJ.- 
 []


Overfull \hbox (15.04987pt too wide) in paragraph at lines 725--726
\TU/lmr/m/n/10 added:](https://casetext.com/case/doe- 
 []


Overfull \hbox (14.71986pt too wide) in paragraph at lines 725--726
\TU/lmr/m/n/10 dunning#:~:text=the%20court%20saw- 
 []


Overfull \hbox (63.17947pt too wide) in alignment at lines 703--727
[] [] [] [] [] [] 
 []

[24] [25] [26] [27] [28]
Overfull \hbox (8.10986pt too wide) in paragraph at lines 730--731
\TU/lmr/m/n/10 added:](https://casetext.com/case/in- 
 []


Overfull \hbox (63.17947pt too wide) in alignment at lines 727--731
[] [] [] [] [] [] 
 []

[29] [30] [31] [32]
Overfull \hbox (6.89354pt too wide) in alignment at lines 741--746
 [] [] [] [] 
 []


Overfull \hbox (6.89354pt too wide) in alignment at lines 746--751
 [] [] [] [] 
 []


Overfull \hbox (6.89354pt too wide) in alignment at lines 751--754
 [] [] [] [] 
 []


Overfull \hbox (6.89354pt too wide) in alignment at lines 754--756
 [] [] [] [] 
 []


Overfull \hbox (569.75223pt too wide) in paragraph at lines 758--759
\TU/lmr/m/n/10 sullivan#:~:text=Respondent%27s%20refusal%20to%20grant%20petitio
ner%27s%20petition%20solely%20because%20it%20was%20filed%20under%20her%20maiden
%20surname%20was%20error.) 
 []


Overfull \hbox (688.25221pt too wide) in paragraph at lines 759--760
\TU/lmr/m/n/10 court#:~:text=Accordingly%2C%20when%20a%20woman%20marries%2C%20s
he%20may%20choose%20to%20be%20known%20by%20the%20surname%20of%20her%20husband%2
0or%20by%20her%20maiden%20surname.) 
 []


Overfull \hbox (431.91222pt too wide) in paragraph at lines 761--762
\TU/lmr/m/n/10 423#:~:text=The%20case%20is%20remanded%20and%20the%20trial%20cou
rt%20is%20directed%20to%20restore%20to%20appellant%20her%20maiden%20name.)] 
 []


Overfull \hbox (145.41223pt too wide) in paragraph at lines 765--766
\TU/lmr/m/n/10 elections#:~:text=a%20woman%20may%20retain%20her%20birth%20name%
20after%20marriage) 
 []


Overfull \hbox (5.2445pt too wide) in paragraph at lines 766--766
 []|\TU/lmr/m/n/10 Massachusetts|
 []


Overfull \hbox (6.89354pt too wide) in alignment at lines 756--778
 [] [] [] [] 
 []

[33] [34] [35] [36]
Overfull \hbox (6.89354pt too wide) in alignment at lines 791--796
[] [] [] [] 
 []


Overfull \hbox (6.89354pt too wide) in alignment at lines 796--801
[] [] [] [] 
 []


Overfull \hbox (6.89354pt too wide) in alignment at lines 801--804
[] [] [] [] 
 []


Overfull \hbox (6.89354pt too wide) in alignment at lines 804--806
[] [] [] [] 
 []


Overfull \hbox (1260.70248pt too wide) in paragraph at lines 809--810
\TU/lmr/m/n/10 courts/FSupp/391/1395/1494569/#:~:text=Under%20Arkansas%20law%20
a%20married%20woman%20may%20retain%20her%20maiden%20name%2C%20and%20if%20Pamela
%20Walker%20did%20not%20change%20her%20name%20when%20she%20married%20she%20was%
20entitled%20to%20be%20registered%20under%20her%20maiden%20name.)]|  
 []


Overfull \hbox (1412.3722pt too wide) in paragraph at lines 810--811
\TU/lmr/m/n/10 courts/FSupp/391/1395/1494569/#:~:text=an%20opinion%20from%20the
%20Attorney%20General%20of%20Arkansas%2C%20rendered%20in%20April%2C%201974%2C%2
0to%20the%20effect%20that%20%22there%20is%20no%20Arkansas%20law%20which%20autom
atically%20changes%20a%20woman%27s%20name%20to%20that%20of%20her%20husband%20up
on%20marriage.%22) 
 []


Overfull \hbox (716.09222pt too wide) in paragraph at lines 819--820
\TU/lmr/m/n/10 wallace#:~:text=noting%20that%20Alabama%20has%20adopted%20the%20
common%20law%20rule%20that%20upon%20marriage%20the%20wife%20by%20operation%20of
%20law%20takes%20the%20husband%27s%20surname.) 
 []


Overfull \hbox (540.59221pt too wide) in paragraph at lines 819--820
\TU/lmr/m/n/10 grayson#p660:~:text=a%20married%20woman%27s%20name%20consists%2C
%20in%20law%2C%20of%20her%20own%20Christian%20name%20and%20her%20husband%27s%20
surname.), 
 []


Overfull \hbox (584.87222pt too wide) in paragraph at lines 819--820
\TU/lmr/m/n/10 grayson#:~:text=A%20married%20woman%20takes%20her%20husband%27s%
20surname%2C%20and,the%20appellative%20abbreviation%20%27Mrs.%27%20prefixed%20t
o%20the%20surname%3B) 
 []


Overfull \hbox (10.17244pt too wide) in paragraph at lines 825--826
\TU/lmr/m/n/10 courts/FSupp/466/714/2360834/#:~:text=adopted%20in%201860.- 
 []


Overfull \hbox (41.09222pt too wide) in paragraph at lines 829--830
\TU/lmr/m/n/10 added:](https://www.legis.iowa.gov/docs/publications/AGO/1043259
.pdf) 
 []


Overfull \hbox (6.89354pt too wide) in alignment at lines 806--830
[] [] [] [] 
 []


Overfull \hbox (3.96428pt too wide) in paragraph at lines 838--838
[]|\TU/lmr/m/n/10 Memorandum 
 []


Overfull \hbox (54.39246pt too wide) in paragraph at lines 840--841
\TU/lmr/m/n/10 \url{https://www.casemine.com/judgement/us/591494baadd7b049345c1
e1e}]|  
 []


Overfull \hbox (5.2445pt too wide) in paragraph at lines 853--853
 []|\TU/lmr/m/n/10 Massachusetts|
 []


Overfull \hbox (6.89354pt too wide) in alignment at lines 830--854
[] [] [] [] 
 []

[37] [38] [39]
Overfull \hbox (10.17244pt too wide) in paragraph at lines 869--870
\TU/lmr/m/n/10 courts/FSupp/466/714/2360834/#:~:text=adopted%20in%201860.- 
 []


Overfull \hbox (874.80226pt too wide) in paragraph at lines 871--872
\TU/lmr/m/n/10 3/#:~:text=No%20reasonable%20objection%20appearing%2C%20appellan
t%20is%20entitled%20to%20her%20requested%20order%20declaring%20that%20she%20sha
ll%20be%20known%20by%20her%20maiden%20name%20of%20Ryan%2C%20and%20no%20other.) 

 []


Overfull \hbox (43.26244pt too wide) in paragraph at lines 875--876
\TU/lmr/m/n/10 ,North%20Carolina%20General%20Statute%20%C2%A7%20130%2D50(e),- 
 []


Overfull \hbox (6.89354pt too wide) in alignment at lines 854--878
[] [] [] [] 
 []

[40] [41]
Overfull \hbox (50.96245pt too wide) in paragraph at lines 879--880
\TU/lmr/m/n/10 3?__cf_chl_tk=GALYvgWoul0U8HLvqPk5QbPn60Y1sB6pkdTFKkYbyAg- 
 []


Overfull \hbox (24.70245pt too wide) in paragraph at lines 879--880
\TU/lmr/m/n/10 25001?sort=relevance&resultsNav=false&q=#:~:text=(Okl.%201971).-
 
 []


Overfull \hbox (50.96245pt too wide) in paragraph at lines 880--881
\TU/lmr/m/n/10 3?__cf_chl_tk=GALYvgWoul0U8HLvqPk5QbPn60Y1sB6pkdTFKkYbyAg- 
 []


Overfull \hbox (17.70244pt too wide) in paragraph at lines 894--895
\TU/lmr/m/n/10 4:](https://www.texasattorneygeneral.gov/sites/default/files/opi
nion- 
 []


Overfull \hbox (6.89354pt too wide) in alignment at lines 878--902
[] [] [] [] 
 []

[42] [43]
Overfull \hbox (6.89354pt too wide) in alignment at lines 902--904
[] [] [] [] 
 []

[44] [45]
Overfull \hbox (33.6763pt too wide) in alignment at lines 911--916
[] [] [] [] 
 []


Overfull \hbox (33.6763pt too wide) in alignment at lines 916--921
[] [] [] [] 
 []


Overfull \hbox (33.6763pt too wide) in alignment at lines 921--924
[] [] [] [] 
 []


Overfull \hbox (33.6763pt too wide) in alignment at lines 924--926
[] [] [] [] 
 []


Overfull \hbox (5.2445pt too wide) in paragraph at lines 929--929
 []|\TU/lmr/m/n/10 Massachusetts|
 []


Overfull \hbox (33.6763pt too wide) in alignment at lines 926--931
[] [] [] [] 
 []

[46] [47] [48]
Underfull \hbox (badness 10000) in paragraph at lines 1127--1130

 []


Underfull \hbox (badness 10000) in paragraph at lines 1162--1164

 []


Underfull \hbox (badness 10000) in paragraph at lines 1165--1168

 []


Underfull \hbox (badness 10000) in paragraph at lines 1169--1171

 []


Underfull \hbox (badness 10000) in paragraph at lines 1172--1175

 []

[49]
Package atveryend Info: Empty hook `BeforeClearDocument' on input line 1233.
[50]
Package atveryend Info: Empty hook `AfterLastShipout' on input line 1233.
(./Draft2023_Tufte.aux)
Package atveryend Info: Empty hook `AtVeryEndDocument' on input line 1233.
Package atveryend Info: Empty hook `AtEndAfterFileList' on input line 1233.

LaTeX Warning: There were multiply-defined labels.

 ) 
Here is how much of TeX's memory you used:
 21627 strings out of 479418
 393606 string characters out of 5892065
 942410 words of memory out of 5000000
 38793 multiletter control sequences out of 15000+600000
 538877 words of font info for 88 fonts, out of 8000000 for 9000
 1348 hyphenation exceptions out of 8191
 60i,8n,131p,2061b,442s stack positions out of 5000i,500n,10000p,200000b,80000s

Output written on Draft2023_Tufte.pdf (50 pages).
